<?xml version="1.0" encoding="UTF-8"?>
<testsuite xmlns:xsi="http://www.w3.org/2001/XMLSchema-instance" xsi:noNamespaceSchemaLocation="https://maven.apache.org/surefire/maven-surefire-plugin/xsd/surefire-test-report.xsd" name="com.baeldung.spring.data.reactive.redis.template.RedisTemplateListOpsIntegrationTest" time="7.071" tests="1" errors="0" skipped="0" failures="0">
  <properties>
[...]
</properties>
  <testcase name="givenListAndValues_whenLeftPushAndLeftPop_thenLeftPushAndLeftPop" classname="com.baeldung.spring.data.reactive.redis.template.RedisTemplateListOpsIntegrationTest" time="0.039"/>
</testsuite>